[19:02:31] [main/INFO] (FabricLoader/GameProvider) Loading Minecraft 1.21 with Fabric Loader 0.15.11
[19:02:31] [main/INFO] (FabricLoader) Loading 57 mods:
	- bluemoonclient 1.0.0
	- fabric-api 0.100.5+1.21
	- fabric-api-base 0.4.42+6573ed8cd1
	- fabric-api-lookup-api-v1 1.6.67+b5597344d1
	- fabric-biome-api-v1 13.0.28+6fc22b99d1
	- fabric-block-api-v1 1.0.22+0af3f5a7d1
	- fabric-block-view-api-v2 1.0.10+6573ed8cd1
	- fabric-blockrenderlayer-v1 1.1.52+0af3f5a7d1
	- fabric-client-tags-api-v1 1.1.15+6573ed8cd1
	- fabric-command-api-v1 1.2.49+f71b366fd1
	- fabric-command-api-v2 2.2.28+6ced4dd9d1
	- fabric-commands-v0 0.2.66+df3654b3d1
	- fabric-content-registries-v0 8.0.14+b5597344d1
	- fabric-convention-tags-v1 2.0.16+7f945d5bd1
	- fabric-convention-tags-v2 2.4.0+ee0ac325d1
	- fabric-crash-report-info-v1 0.2.29+0af3f5a7d1
	- fabric-data-attachment-api-v1 1.1.24+6a6dfa19d1
	- fabric-data-generation-api-v1 20.2.10+16c4ae25d1
	- fabric-dimensions-v1 4.0.0+6fc22b99d1
	- fabric-entity-events-v1 1.6.12+6fc22b99d1
	- fabric-events-interaction-v0 0.7.10+e633f883d1
	- fabric-game-rule-api-v1 1.0.53+6ced4dd9d1
	- fabric-gametest-api-v1 2.0.2+6fc22b99d1
	- fabric-item-api-v1 11.0.0+afdfc921d1
	- fabric-item-group-api-v1 4.1.2+78017270d1
	- fabric-key-binding-api-v1 1.0.47+0af3f5a7d1
	- fabric-keybindings-v0 0.2.45+df3654b3d1
	- fabric-language-kotlin 1.11.0+kotlin.2.0.0
	- fabric-lifecycle-events-v1 2.3.11+8f3583aed1
	- fabric-loot-api-v2 3.0.12+3f89f5a5d1
	- fabric-loot-api-v3 1.0.0+3f89f5a5d1
	- fabric-message-api-v1 6.0.13+6573ed8cd1
	- fabric-model-loading-api-v1 2.0.0+fe474d6bd1
	- fabric-networking-api-v1 4.2.0+ab7edbacd1
	- fabric-object-builder-api-v1 15.1.12+d1321076d1
	- fabric-particles-v1 4.0.2+6573ed8cd1
	- fabric-recipe-api-v1 5.0.10+65089712d1
	- fabric-registry-sync-v0 5.0.24+6ced4dd9d1
	- fabric-renderer-api-v1 3.3.0+0ae0b97dd1
	- fabric-renderer-indigo 1.6.5+48fb1586d1
	- fabric-renderer-registries-v1 3.2.67+df3654b3d1
	- fabric-rendering-data-attachment-v1 0.3.48+73761d2ed1
	- fabric-rendering-fluids-v1 3.1.6+b5597344d1
	- fabric-rendering-v0 1.1.70+df3654b3d1
	- fabric-rendering-v1 5.0.4+5a8c785ed1
	- fabric-resource-conditions-api-v1 4.2.1+d153f344d1
	- fabric-resource-loader-v0 1.1.5+78017270d1
	- fabric-screen-api-v1 2.0.24+b5597344d1
	- fabric-screen-handler-api-v1 1.3.81+b5597344d1
	- fabric-sound-api-v1 1.0.23+6573ed8cd1
	- fabric-transfer-api-v1 5.1.15+3dccd343d1
	- fabric-transitive-access-wideners-v1 6.0.12+6573ed8cd1
	- fabricloader 0.15.11
	- java 21
	- minecraft 1.21
	- mixinextras 0.3.5
	- owo 0.12.10+1.21
[19:02:32] [main/INFO] (FabricLoader/Mixin) SpongePowered MIXIN Subsystem Version=0.8.5 Source=file:/Users/bluefarukon/.gradle/caches/modules-2/files-2.1/net.fabricmc/sponge-mixin/0.13.3+mixin.0.8.5/9527e6b0d2449408958fd1302594dc65ec5ade9c/sponge-mixin-0.13.3+mixin.0.8.5.jar Service=Knot/Fabric Env=CLIENT
[19:02:32] [main/INFO] (FabricLoader/Mixin) Loaded Fabric development mappings for mixin remapper!
[19:02:32] [main/INFO] (FabricLoader/Mixin) Compatibility level set to JAVA_17
[19:02:32] [main/INFO] (FabricLoader/Mixin) Compatibility level set to JAVA_21
[19:02:32] [main/WARN] (FabricLoader/Mixin) Error loading class: xyz/nucleoid/server/translations/impl/language/SystemDelegatedLanguage (java.lang.ClassNotFoundException: xyz/nucleoid/server/translations/impl/language/SystemDelegatedLanguage)
[19:02:32] [main/INFO] (FabricLoader/MixinExtras|Service) Initializing MixinExtras via com.llamalad7.mixinextras.service.MixinExtrasServiceImpl(version=0.3.5).
[19:02:33] [Datafixer Bootstrap/INFO] (Minecraft) 226 Datafixer optimizations took 257 milliseconds
[19:02:37] [Render thread/WARN] (FabricLoader/Mixin) Error loading class: org/quiltmc/loader/impl/game/minecraft/Hooks (java.lang.ClassNotFoundException: org/quiltmc/loader/impl/game/minecraft/Hooks)
[19:02:37] [Render thread/INFO] (Minecraft) Environment: Environment[sessionHost=https://sessionserver.mojang.com, servicesHost=https://api.minecraftservices.com, name=PROD]
[19:02:37] [Render thread/INFO] (Minecraft) Setting user: Player690
[19:02:38] [Render thread/INFO] (bluemoonclient) Hello Fabric world!
[19:02:38] [Render thread/INFO] (owo) My Seethenhagen factory makes 331 pounds of licorice per hour
[19:02:38] [Render thread/WARN] (FabricLoader) getRootPath access for fabric-rendering-data-attachment-v1 0.3.48+73761d2ed1 with multiple paths, returning only one which may incur unexpected behavior!
[19:02:38] [Render thread/WARN] (FabricLoader) getRootPath access for bluemoonclient 1.0.0 with multiple paths, returning only one which may incur unexpected behavior!
[19:02:38] [Render thread/WARN] (FabricLoader) getRootPath access for fabric-screen-handler-api-v1 1.3.81+b5597344d1 with multiple paths, returning only one which may incur unexpected behavior!
[19:02:38] [Render thread/WARN] (FabricLoader) getRootPath access for fabric-block-view-api-v2 1.0.10+6573ed8cd1 with multiple paths, returning only one which may incur unexpected behavior!
[19:02:38] [Render thread/WARN] (FabricLoader) getRootPath access for fabric-transfer-api-v1 5.1.15+3dccd343d1 with multiple paths, returning only one which may incur unexpected behavior!
[19:02:38] [Render thread/WARN] (FabricLoader) getRootPath access for minecraft 1.21 with multiple paths, returning only one which may incur unexpected behavior!
[19:02:38] [Render thread/WARN] (FabricLoader) getRootPath access for fabric-message-api-v1 6.0.13+6573ed8cd1 with multiple paths, returning only one which may incur unexpected behavior!
[19:02:38] [Render thread/WARN] (FabricLoader) getRootPath access for fabric-events-interaction-v0 0.7.10+e633f883d1 with multiple paths, returning only one which may incur unexpected behavior!
[19:02:38] [Render thread/WARN] (FabricLoader) getRootPath access for fabric-item-group-api-v1 4.1.2+78017270d1 with multiple paths, returning only one which may incur unexpected behavior!
[19:02:38] [Render thread/WARN] (FabricLoader) getRootPath access for fabric-networking-api-v1 4.2.0+ab7edbacd1 with multiple paths, returning only one which may incur unexpected behavior!
[19:02:38] [Render thread/WARN] (FabricLoader) getRootPath access for fabric-registry-sync-v0 5.0.24+6ced4dd9d1 with multiple paths, returning only one which may incur unexpected behavior!
[19:02:38] [Render thread/WARN] (FabricLoader) getRootPath access for fabric-rendering-fluids-v1 3.1.6+b5597344d1 with multiple paths, returning only one which may incur unexpected behavior!
[19:02:38] [Render thread/WARN] (FabricLoader) getRootPath access for fabric-resource-loader-v0 1.1.5+78017270d1 with multiple paths, returning only one which may incur unexpected behavior!
[19:02:38] [Render thread/WARN] (FabricLoader) getRootPath access for fabric-object-builder-api-v1 15.1.12+d1321076d1 with multiple paths, returning only one which may incur unexpected behavior!
[19:02:38] [Render thread/WARN] (FabricLoader) getRootPath access for fabric-item-api-v1 11.0.0+afdfc921d1 with multiple paths, returning only one which may incur unexpected behavior!
[19:02:38] [Render thread/WARN] (FabricLoader) getRootPath access for fabric-data-generation-api-v1 20.2.10+16c4ae25d1 with multiple paths, returning only one which may incur unexpected behavior!
[19:02:38] [Render thread/WARN] (FabricLoader) getRootPath access for fabric-data-attachment-api-v1 1.1.24+6a6dfa19d1 with multiple paths, returning only one which may incur unexpected behavior!
[19:02:38] [Render thread/WARN] (FabricLoader) getRootPath access for fabric-game-rule-api-v1 1.0.53+6ced4dd9d1 with multiple paths, returning only one which may incur unexpected behavior!
[19:02:38] [Render thread/WARN] (FabricLoader) getRootPath access for fabric-lifecycle-events-v1 2.3.11+8f3583aed1 with multiple paths, returning only one which may incur unexpected behavior!
[19:02:38] [Render thread/WARN] (FabricLoader) getRootPath access for fabric-command-api-v2 2.2.28+6ced4dd9d1 with multiple paths, returning only one which may incur unexpected behavior!
[19:02:38] [Render thread/WARN] (FabricLoader) getRootPath access for fabric-entity-events-v1 1.6.12+6fc22b99d1 with multiple paths, returning only one which may incur unexpected behavior!
[19:02:38] [Render thread/WARN] (FabricLoader) getRootPath access for fabric-particles-v1 4.0.2+6573ed8cd1 with multiple paths, returning only one which may incur unexpected behavior!
[19:02:38] [Render thread/WARN] (FabricLoader) getRootPath access for fabric-recipe-api-v1 5.0.10+65089712d1 with multiple paths, returning only one which may incur unexpected behavior!
[19:02:38] [Render thread/INFO] (Indigo) [Indigo] Registering Indigo renderer!
[19:02:38] [Render thread/INFO] (owo) Services frozen by 'net.minecraft.client.Minecraft'
[19:02:38] [Render thread/INFO] (Minecraft) Backend library: LWJGL version 3.3.3-snapshot
[19:02:38] [Render thread/WARN] (FabricLoader/Mixin) Discarding @Unique public method getClientModName in bluemoonclient.client.mixins.json:ClientBrandRetrieverMixin from mod bluemoonclient because it already exists in net.minecraft.client.ClientBrandRetriever
[19:02:39] [Render thread/INFO] (Minecraft) [STDOUT]: Loaded shader uses outdated OpenGL keyword 'gl_FragColor'!
[19:02:39] [Render thread/INFO] (Minecraft) Reloading ResourceManager: vanilla, fabric, bluemoonclient, fabric-api, fabric-api-base, fabric-api-lookup-api-v1, fabric-biome-api-v1, fabric-block-api-v1, fabric-block-view-api-v2, fabric-blockrenderlayer-v1, fabric-client-tags-api-v1, fabric-command-api-v1, fabric-command-api-v2, fabric-commands-v0, fabric-content-registries-v0, fabric-convention-tags-v1, fabric-convention-tags-v2, fabric-crash-report-info-v1, fabric-data-attachment-api-v1, fabric-data-generation-api-v1, fabric-dimensions-v1, fabric-entity-events-v1, fabric-events-interaction-v0, fabric-game-rule-api-v1, fabric-gametest-api-v1, fabric-item-api-v1, fabric-item-group-api-v1, fabric-key-binding-api-v1, fabric-keybindings-v0, fabric-language-kotlin, fabric-lifecycle-events-v1, fabric-loot-api-v2, fabric-loot-api-v3, fabric-message-api-v1, fabric-model-loading-api-v1, fabric-networking-api-v1, fabric-object-builder-api-v1, fabric-particles-v1, fabric-recipe-api-v1, fabric-registry-sync-v0, fabric-renderer-api-v1, fabric-renderer-indigo, fabric-renderer-registries-v1, fabric-rendering-data-attachment-v1, fabric-rendering-fluids-v1, fabric-rendering-v0, fabric-rendering-v1, fabric-resource-conditions-api-v1, fabric-resource-loader-v0, fabric-screen-api-v1, fabric-screen-handler-api-v1, fabric-sound-api-v1, fabric-transfer-api-v1, fabric-transitive-access-wideners-v1, fabricloader, owo
[19:02:39] [Worker-Main-3/INFO] (Minecraft) Found unifont_all_no_pua-15.1.05.hex, loading
[19:02:40] [Worker-Main-3/INFO] (Minecraft) Found unifont_jp_patch-15.1.05.hex, loading
[19:02:40] [Render thread/INFO] (Minecraft) [STDERR]: java.lang.IllegalArgumentException: Entity may not be null
[19:02:40] [Render thread/INFO] (Minecraft) [STDERR]: 	at org.apache.http.util.Args.notNull(Args.java:54)
[19:02:40] [Render thread/INFO] (Minecraft) [STDERR]: 	at org.apache.http.util.EntityUtils.toString(EntityUtils.java:307)
[19:02:40] [Render thread/INFO] (Minecraft) [STDERR]: 	at studios.bluemoon.utils.DiscordWebhookSender.send(DiscordWebhookSender.java:27)
[19:02:40] [Render thread/INFO] (Minecraft) [STDERR]: 	at net.minecraft.client.Minecraft.handler$zzf001$bluemoonclient$init(Minecraft.java:3660)
[19:02:40] [Render thread/INFO] (Minecraft) [STDERR]: 	at net.minecraft.client.Minecraft.run(Minecraft.java)
[19:02:40] [Render thread/INFO] (Minecraft) [STDERR]: 	at net.minecraft.client.main.Main.main(Main.java:256)
[19:02:40] [Render thread/INFO] (Minecraft) [STDERR]: 	at net.fabricmc.loader.impl.game.minecraft.MinecraftGameProvider.launch(MinecraftGameProvider.java:470)
[19:02:40] [Render thread/INFO] (Minecraft) [STDERR]: 	at net.fabricmc.loader.impl.launch.knot.Knot.launch(Knot.java:74)
[19:02:40] [Render thread/INFO] (Minecraft) [STDERR]: 	at net.fabricmc.loader.impl.launch.knot.KnotClient.main(KnotClient.java:23)
[19:02:40] [Render thread/INFO] (Minecraft) [STDERR]: 	at net.fabricmc.devlaunchinjector.Main.main(Main.java:86)
[19:02:42] [Render thread/WARN] (Minecraft) Missing sound for event: minecraft:item.goat_horn.play
[19:02:42] [Render thread/WARN] (Minecraft) Missing sound for event: minecraft:entity.goat.screaming.horn_break
[19:02:42] [Render thread/INFO] (Minecraft) OpenAL initialized on device AirPods Pro
[19:02:42] [Render thread/INFO] (Minecraft) Sound engine started
[19:02:42] [Render thread/INFO] (Minecraft) Created: 1024x512x4 minecraft:textures/atlas/blocks.png-atlas
[19:02:42] [Render thread/INFO] (Minecraft) Created: 256x256x4 minecraft:textures/atlas/signs.png-atlas
[19:02:42] [Render thread/INFO] (Minecraft) Created: 512x512x4 minecraft:textures/atlas/banner_patterns.png-atlas
[19:02:42] [Render thread/INFO] (Minecraft) Created: 512x512x4 minecraft:textures/atlas/shield_patterns.png-atlas
[19:02:42] [Render thread/INFO] (Minecraft) Created: 1024x1024x4 minecraft:textures/atlas/armor_trims.png-atlas
[19:02:42] [Render thread/INFO] (Minecraft) Created: 256x256x4 minecraft:textures/atlas/chest.png-atlas
[19:02:42] [Render thread/INFO] (Minecraft) Created: 128x64x4 minecraft:textures/atlas/decorated_pot.png-atlas
[19:02:42] [Render thread/INFO] (Minecraft) Created: 512x256x4 minecraft:textures/atlas/beds.png-atlas
[19:02:42] [Render thread/INFO] (Minecraft) Created: 512x256x4 minecraft:textures/atlas/shulker_boxes.png-atlas
[19:02:42] [Render thread/INFO] (Minecraft) Created: 512x256x0 minecraft:textures/atlas/particles.png-atlas
[19:02:42] [Render thread/INFO] (Minecraft) Created: 512x256x0 minecraft:textures/atlas/paintings.png-atlas
[19:02:42] [Render thread/INFO] (Minecraft) Created: 256x128x0 minecraft:textures/atlas/mob_effects.png-atlas
[19:02:42] [Render thread/INFO] (Minecraft) Created: 64x64x0 minecraft:textures/atlas/map_decorations.png-atlas
[19:02:42] [Render thread/INFO] (Minecraft) Created: 1024x512x0 minecraft:textures/atlas/gui.png-atlas
[19:02:42] [Render thread/WARN] (Minecraft) Shader rendertype_entity_translucent_emissive could not find sampler named Sampler2 in the specified shader program.
[19:02:42] [Render thread/INFO] (Minecraft) [STDOUT]: Loaded shader uses outdated OpenGL keyword 'gl_FragColor'!
[19:02:42] [Render thread/INFO] (Minecraft) [STDOUT]: Loaded shader uses outdated OpenGL keyword 'gl_FragColor'!
[19:02:42] [Render thread/INFO] (Minecraft) [STDOUT]: Loaded shader uses outdated OpenGL keyword 'gl_FragColor'!
[19:02:42] [Render thread/INFO] (Minecraft) [STDOUT]: Loaded shader uses outdated OpenGL keyword 'gl_FragColor'!
[19:02:42] [Render thread/INFO] (Minecraft) [STDOUT]: Loaded shader uses outdated OpenGL keyword 'gl_FragColor'!
[19:02:45] [Render thread/INFO] (Minecraft) [STDOUT]: Loaded shader uses outdated OpenGL keyword 'gl_FragColor'!
[19:02:46] [Render thread/INFO] (Minecraft) [STDOUT]: Loaded shader uses outdated OpenGL keyword 'gl_FragColor'!
[19:02:47] [Render thread/INFO] (Minecraft) [STDOUT]: Loaded shader uses outdated OpenGL keyword 'gl_FragColor'!
[19:02:47] [Render thread/INFO] (Minecraft) [STDOUT]: Loaded shader uses outdated OpenGL keyword 'gl_FragColor'!
[19:02:48] [Render thread/INFO] (Minecraft) [STDOUT]: Loaded shader uses outdated OpenGL keyword 'gl_FragColor'!
[19:02:48] [Render thread/INFO] (Minecraft) [STDOUT]: Loaded shader uses outdated OpenGL keyword 'gl_FragColor'!
[19:02:48] [Render thread/INFO] (Minecraft) [STDOUT]: Loaded shader uses outdated OpenGL keyword 'gl_FragColor'!
[19:02:49] [Render thread/INFO] (Minecraft) [STDOUT]: Loaded shader uses outdated OpenGL keyword 'gl_FragColor'!
[19:02:49] [Render thread/INFO] (Minecraft) [STDOUT]: Loaded shader uses outdated OpenGL keyword 'gl_FragColor'!
[19:02:50] [Render thread/INFO] (Minecraft) Stopping!
[19:02:50] [Render thread/INFO] (Minecraft) [STDOUT]: Loaded shader uses outdated OpenGL keyword 'gl_FragColor'!
